<?xml version="1.0" encoding="UTF-8"?>
<!-- Generated by org.testng.reporters.JUnitReportReporter -->
<testsuite skipped="0" hostname="SUBBU" name="runner.CheckboxDemo_runner" tests="1" failures="0" timestamp="26 Oct 2018 01:54:52 GMT" time="7.772" errors="0">
  <testcase name="feature" time="7.772" classname="runner.CheckboxDemo_runner"/>
</testsuite> <!-- runner.CheckboxDemo_runner -->
