<?xml version="1.0" encoding="UTF-8"?>
<!-- Generated by org.testng.reporters.JUnitReportReporter -->
<testsuite skipped="0" hostname="SUBBU" name="runner.Runner" tests="1" failures="0" timestamp="17 Feb 2019 14:56:17 GMT" time="52.679" errors="0">
  <testcase name="feature" time="52.679" classname="runner.Runner"/>
</testsuite> <!-- runner.Runner -->
